<?xml version="1.0" encoding="UTF-8"?>
<!-- Generated by org.testng.reporters.JUnitXMLReporter -->
<testsuite ignored="0" hostname="DESKTOP-Q8TTMMF" failures="0" tests="4" name="OrangeHRM" time="22.412" errors="0" timestamp="2024-09-10T12:08:29 IST">
  <testcase classname="SelTestNGdemo.Prioritydemo" name="login" time="12.084"/>
  <testcase classname="SelTestNGdemo.Prioritydemo" name="searchleave" time="2.553"/>
  <testcase classname="SelTestNGdemo.Prioritydemo" name="logout" time="5.647"/>
  <testcase classname="SelTestNGdemo.Prioritydemo" name="mlosea" time="1.893"/>
</testsuite> <!-- OrangeHRM -->
