<?xml version="1.0" encoding="UTF-8"?>
<testng-results ignored="0" total="1" passed="1" failed="0" skipped="0">
  <reporter-output>
  </reporter-output>
  <suite started-at="2024-10-15T11:04:59 IST" name="Default suite" finished-at="2024-10-15T11:05:11 IST" duration-ms="12033">
    <groups>
    </groups>
    <test started-at="2024-10-15T11:04:59 IST" name="Default test" finished-at="2024-10-15T11:05:11 IST" duration-ms="12033">
      <class name="SelTestNGdemo.assertEqual">
        <test-method signature="loginorangehrm()[pri:0, instance:SelTestNGdemo.assertEqual@7cc0cdad]" started-at="2024-10-15T11:04:59 IST" name="loginorangehrm" finished-at="2024-10-15T11:05:11 IST" duration-ms="11929" status="PASS">
          <reporter-output>
          </reporter-output>
        </test-method> <!-- loginorangehrm -->
      </class> <!-- SelTestNGdemo.assertEqual -->
    </test> <!-- Default test -->
  </suite> <!-- Default suite -->
</testng-results>
